<?xml version="1.0" encoding="UTF-8"?>
<testng-results ignored="0" total="6" passed="5" failed="1" skipped="0">
  <reporter-output>
  </reporter-output>
  <suite started-at="2024-12-24T10:21:03 IST" name="Default suite" finished-at="2024-12-24T10:22:08 IST" duration-ms="65317">
    <groups>
      <group name="cucumber">
        <method signature="AbstractTestNGCucumberTests.runScenario(io.cucumber.testng.PickleWrapper,io.cucumber.testng.FeatureWrapper)[pri:0, instance:com.runner.TestRunnerParellal@13b6aecc]" name="runScenario" class="io.cucumber.testng.AbstractTestNGCucumberTests"/>
      </group> <!-- cucumber -->
    </groups>
    <test started-at="2024-12-24T10:21:03 IST" name="Default test" finished-at="2024-12-24T10:22:08 IST" duration-ms="65317">
      <class name="com.runner.TestRunnerParellal">
        <test-method is-config="true" signature="setUpClass(org.testng.ITestContext)[pri:0, instance:com.runner.TestRunnerParellal@13b6aecc]" started-at="2024-12-24T10:21:03 IST" name="setUpClass" finished-at="2024-12-24T10:21:03 IST" duration-ms="615" status="PASS">
          <params>
            <param index="0">
              <value>
                <![CDATA[org.testng.TestRunner@209775a9]]>
              </value>
            </param>
          </params>
          <reporter-output>
          </reporter-output>
        </test-method> <!-- setUpClass -->
        <test-method signature="runScenario(io.cucumber.testng.PickleWrapper,io.cucumber.testng.FeatureWrapper)[pri:0, instance:com.runner.TestRunnerParellal@13b6aecc]" started-at="2024-12-24T10:21:03 IST" name="runScenario" description="Runs Cucumber Scenarios" data-provider="scenarios" finished-at="2024-12-24T10:22:08 IST" duration-ms="64629" status="PASS">
          <params>
            <param index="0">
              <value>
                <![CDATA["User Closing the Old loan and Opening New loan in order to minimize the interest"]]>
              </value>
            </param>
            <param index="1">
              <value>
                <![CDATA["Home Loans and Details"]]>
              </value>
            </param>
          </params>
          <reporter-output>
          </reporter-output>
        </test-method> <!-- runScenario -->
        <test-method signature="runScenario(io.cucumber.testng.PickleWrapper,io.cucumber.testng.FeatureWrapper)[pri:0, instance:com.runner.TestRunnerParellal@13b6aecc]" started-at="2024-12-24T10:21:03 IST" name="runScenario" description="Runs Cucumber Scenarios" data-provider="scenarios" finished-at="2024-12-24T10:21:47 IST" duration-ms="43947" status="PASS">
          <params>
            <param index="0">
              <value>
                <![CDATA["User Giving the rate of interest less than 8"]]>
              </value>
            </param>
            <param index="1">
              <value>
                <![CDATA["Home Loans and Details"]]>
              </value>
            </param>
          </params>
          <reporter-output>
          </reporter-output>
        </test-method> <!-- runScenario -->
        <test-method signature="runScenario(io.cucumber.testng.PickleWrapper,io.cucumber.testng.FeatureWrapper)[pri:0, instance:com.runner.TestRunnerParellal@13b6aecc]" started-at="2024-12-24T10:21:03 IST" name="runScenario" description="Runs Cucumber Scenarios" data-provider="scenarios" finished-at="2024-12-24T10:21:48 IST" duration-ms="44254" status="PASS">
          <params>
            <param index="0">
              <value>
                <![CDATA["User Selecting the bank partners for the loan"]]>
              </value>
            </param>
            <param index="1">
              <value>
                <![CDATA["Home Loans and Details"]]>
              </value>
            </param>
          </params>
          <reporter-output>
          </reporter-output>
        </test-method> <!-- runScenario -->
        <test-method signature="runScenario(io.cucumber.testng.PickleWrapper,io.cucumber.testng.FeatureWrapper)[pri:0, instance:com.runner.TestRunnerParellal@13b6aecc]" started-at="2024-12-24T10:21:03 IST" name="runScenario" description="Runs Cucumber Scenarios" data-provider="scenarios" finished-at="2024-12-24T10:21:48 IST" duration-ms="44321" status="PASS">
          <params>
            <param index="0">
              <value>
                <![CDATA["Getting Home Loans"]]>
              </value>
            </param>
            <param index="1">
              <value>
                <![CDATA["Home Loans and Details"]]>
              </value>
            </param>
          </params>
          <reporter-output>
          </reporter-output>
        </test-method> <!-- runScenario -->
        <test-method signature="runScenario(io.cucumber.testng.PickleWrapper,io.cucumber.testng.FeatureWrapper)[pri:0, instance:com.runner.TestRunnerParellal@13b6aecc]" started-at="2024-12-24T10:21:03 IST" name="runScenario" description="Runs Cucumber Scenarios" data-provider="scenarios" finished-at="2024-12-24T10:21:24 IST" duration-ms="20412" status="FAIL">
          <params>
            <param index="0">
              <value>
                <![CDATA["User Calculating about the loan and EMI according to their details"]]>
              </value>
            </param>
            <param index="1">
              <value>
                <![CDATA["Home Loans and Details"]]>
              </value>
            </param>
          </params>
          <exception class="org.openqa.selenium.ElementNotInteractableException">
            <message>
              <![CDATA[element not interactable
  (Session info: chrome=131.0.6778.140)
Build info: version: '4.27.0', revision: 'd6e718d134'
System info: os.name: 'Windows 11', os.arch: 'amd64', os.version: '10.0', java.version: '21.0.5'
Driver info: org.openqa.selenium.chrome.ChromeDriver
Command: [04c4c288e6495d756aff3b753775e2ca, clickElement {id=f.F677C3B72CB860802B09D105ED629EC6.d.8E605424DA056EA1DA0437064B02ADD7.e.90}]
Capabilities {acceptInsecureCerts: false, browserName: chrome, browserVersion: 131.0.6778.140, chrome: {chromedriverVersion: 131.0.6778.204 (52183f9e99a..., userDataDir: C:\Windows\SystemTemp\scope...}, fedcm:accounts: true, goog:chromeOptions: {debuggerAddress: localhost:63955}, networkConnectionEnabled: false, pageLoadStrategy: normal, platformName: windows, proxy: Proxy(), se:cdp: ws://localhost:63955/devtoo..., se:cdpVersion: 131.0.6778.140, setWindowRect: true, strictFileInteractability: false, timeouts: {implicit: 0, pageLoad: 300000, script: 30000}, unhandledPromptBehavior: dismiss and notify, webauthn:extension:credBlob: true, webauthn:extension:largeBlob: true, webauthn:extension:minPinLength: true, webauthn:extension:prf: true, webauthn:virtualAuthenticators: true}
Element: [[ChromeDriver: chrome on windows (04c4c288e6495d756aff3b753775e2ca)] -> xpath: //*[@id="homeloanDrop"]/div/div[3]/ul/li[1]/a]
Session ID: 04c4c288e6495d756aff3b753775e2ca]]>
            </message>
            <full-stacktrace>
              <![CDATA[org.openqa.selenium.ElementNotInteractableException: element not interactable
  (Session info: chrome=131.0.6778.140)
Build info: version: '4.27.0', revision: 'd6e718d134'
System info: os.name: 'Windows 11', os.arch: 'amd64', os.version: '10.0', java.version: '21.0.5'
Driver info: org.openqa.selenium.chrome.ChromeDriver
Command: [04c4c288e6495d756aff3b753775e2ca, clickElement {id=f.F677C3B72CB860802B09D105ED629EC6.d.8E605424DA056EA1DA0437064B02ADD7.e.90}]
Capabilities {acceptInsecureCerts: false, browserName: chrome, browserVersion: 131.0.6778.140, chrome: {chromedriverVersion: 131.0.6778.204 (52183f9e99a..., userDataDir: C:\Windows\SystemTemp\scope...}, fedcm:accounts: true, goog:chromeOptions: {debuggerAddress: localhost:63955}, networkConnectionEnabled: false, pageLoadStrategy: normal, platformName: windows, proxy: Proxy(), se:cdp: ws://localhost:63955/devtoo..., se:cdpVersion: 131.0.6778.140, setWindowRect: true, strictFileInteractability: false, timeouts: {implicit: 0, pageLoad: 300000, script: 30000}, unhandledPromptBehavior: dismiss and notify, webauthn:extension:credBlob: true, webauthn:extension:largeBlob: true, webauthn:extension:minPinLength: true, webauthn:extension:prf: true, webauthn:virtualAuthenticators: true}
Element: [[ChromeDriver: chrome on windows (04c4c288e6495d756aff3b753775e2ca)] -> xpath: //*[@id="homeloanDrop"]/div/div[3]/ul/li[1]/a]
Session ID: 04c4c288e6495d756aff3b753775e2ca
at java.base/jdk.internal.reflect.DirectConstructorHandleAccessor.newInstance(DirectConstructorHandleAccessor.java:62)
at java.base/java.lang.reflect.Constructor.newInstanceWithCaller(Constructor.java:502)
at java.base/java.lang.reflect.Constructor.newInstance(Constructor.java:486)
at org.openqa.selenium.remote.ErrorCodec.decode(ErrorCodec.java:167)
at org.openqa.selenium.remote.codec.w3c.W3CHttpResponseCodec.decode(W3CHttpResponseCodec.java:138)
at org.openqa.selenium.remote.codec.w3c.W3CHttpResponseCodec.decode(W3CHttpResponseCodec.java:50)
at org.openqa.selenium.remote.HttpCommandExecutor.execute(HttpCommandExecutor.java:190)
at org.openqa.selenium.remote.service.DriverCommandExecutor.invokeExecute(DriverCommandExecutor.java:216)
at org.openqa.selenium.remote.service.DriverCommandExecutor.execute(DriverCommandExecutor.java:174)
at org.openqa.selenium.remote.RemoteWebDriver.execute(RemoteWebDriver.java:545)
at org.openqa.selenium.remote.RemoteWebElement.execute(RemoteWebElement.java:223)
at org.openqa.selenium.remote.RemoteWebElement.click(RemoteWebElement.java:76)
at com.pages.CalculatorCommon.clickCalculator(CalculatorCommon.java:19)
at com.stepdefinition.HomeLoans.user_clicks_on_the_home_loan_emi_calculator(HomeLoans.java:93)
at ✽.User clicks on the Home Loan EMI Calculator(file:///C:/Users/jpattel/eclipse-workspace/Learning/MagicBricks/src/test/resources/Features/HomeLoans.feature:35)
]]>
            </full-stacktrace>
          </exception> <!-- org.openqa.selenium.ElementNotInteractableException -->
          <reporter-output>
          </reporter-output>
        </test-method> <!-- runScenario -->
        <test-method signature="runScenario(io.cucumber.testng.PickleWrapper,io.cucumber.testng.FeatureWrapper)[pri:0, instance:com.runner.TestRunnerParellal@13b6aecc]" started-at="2024-12-24T10:21:03 IST" name="runScenario" description="Runs Cucumber Scenarios" data-provider="scenarios" finished-at="2024-12-24T10:21:31 IST" duration-ms="27284" status="PASS">
          <params>
            <param index="0">
              <value>
                <![CDATA["User Getting the Interest Rate detail for the particular Loan Partners"]]>
              </value>
            </param>
            <param index="1">
              <value>
                <![CDATA["Home Loans and Details"]]>
              </value>
            </param>
          </params>
          <reporter-output>
          </reporter-output>
        </test-method> <!-- runScenario -->
        <test-method is-config="true" signature="tearDownClass()[pri:0, instance:com.runner.TestRunnerParellal@13b6aecc]" started-at="2024-12-24T10:22:08 IST" name="tearDownClass" finished-at="2024-12-24T10:22:08 IST" duration-ms="20" status="PASS">
          <reporter-output>
          </reporter-output>
        </test-method> <!-- tearDownClass -->
      </class> <!-- com.runner.TestRunnerParellal -->
    </test> <!-- Default test -->
  </suite> <!-- Default suite -->
</testng-results>
