<?xml version="1.0" encoding="UTF-8"?>
<!-- Generated by org.testng.reporters.JUnitReportReporter -->
<testsuite hostname="LIN-886D1F3" failures="1" tests="6" name="com.runner.BuyRunner" time="285.663" errors="0" timestamp="2024-12-23T16:16:51 IST" skipped="0">
  <testcase classname="com.runner.BuyRunner" name="runScenario" time="51.476">
    <failure message="expected:&lt;Flats for Sale in [Sarjapur Road, ]Bangalore&gt; but was:&lt;Flats for Sale in []Bangalore&gt;" type="org.junit.ComparisonFailure">
      <![CDATA[org.junit.ComparisonFailure: expected:<Flats for Sale in [Sarjapur Road, ]Bangalore> but was:<Flats for Sale in []Bangalore>
at org.junit.Assert.assertEquals(Assert.java:117)
at org.junit.Assert.assertEquals(Assert.java:146)
at com.pages.ReadytoMove.resultoffilters(ReadytoMove.java:69)
at com.stepdefinition.Buy.the_user_will_be_presented_with_properties_based_on_the_selected_preferences(Buy.java:78)
at ✽.the user will be presented with properties based on the selected preferences(classpath:Features/Buy.feature:11)
]]>
    </failure>
  </testcase> <!-- runScenario -->
  <testcase classname="com.runner.BuyRunner" name="runScenario" time="36.861"/>
  <testcase classname="com.runner.BuyRunner" name="runScenario" time="42.499"/>
  <testcase classname="com.runner.BuyRunner" name="runScenario" time="66.787"/>
  <testcase classname="com.runner.BuyRunner" name="runScenario" time="50.531"/>
  <testcase classname="com.runner.BuyRunner" name="runScenario" time="37.509"/>
</testsuite> <!-- com.runner.BuyRunner -->
