<?xml version="1.0" encoding="UTF-8"?>
<!-- Generated by org.testng.reporters.JUnitReportReporter -->
<testsuite hostname="LIN-8S381F3" failures="0" tests="6" name="com.runner.TestRunner" time="106.481" errors="0" timestamp="2024-12-24T15:52:19 IST" skipped="0">
  <testcase classname="com.runner.TestRunner" name="runScenario" time="13.171"/>
  <testcase classname="com.runner.TestRunner" name="runScenario" time="23.116"/>
  <testcase classname="com.runner.TestRunner" name="runScenario" time="14.706"/>
  <testcase classname="com.runner.TestRunner" name="runScenario" time="26.905"/>
  <testcase classname="com.runner.TestRunner" name="runScenario" time="17.891"/>
  <testcase classname="com.runner.TestRunner" name="runScenario" time="10.692"/>
</testsuite> <!-- com.runner.TestRunner -->
