<?xml version="1.0" encoding="UTF-8"?>
<!-- Generated by org.testng.reporters.JUnitReportReporter -->
<testsuite hostname="LIN-680CDL3" failures="0" tests="5" name="com.runner.TestRunnerExtenedTestNG" time="264.021" errors="0" timestamp="2024-12-23T10:15:33 IST" skipped="0">
  <testcase classname="com.runner.TestRunnerExtenedTestNG" name="runScenario" time="113.599"/>
  <testcase classname="com.runner.TestRunnerExtenedTestNG" name="runScenario" time="35.758"/>
  <testcase classname="com.runner.TestRunnerExtenedTestNG" name="runScenario" time="38.795"/>
  <testcase classname="com.runner.TestRunnerExtenedTestNG" name="runScenario" time="36.393"/>
  <testcase classname="com.runner.TestRunnerExtenedTestNG" name="runScenario" time="39.476"/>
</testsuite> <!-- com.runner.TestRunnerExtenedTestNG -->
