<?xml version="1.0" encoding="UTF-8"?>
<!-- Generated by org.testng.reporters.JUnitReportReporter -->
<testsuite hostname="LIN-680CDL3" failures="0" tests="5" name="com.runner.TestRunnerTestNG" time="317.244" errors="0" timestamp="2024-12-23T09:56:47 IST" skipped="0">
  <testcase classname="com.runner.TestRunnerTestNG" name="runScenario" time="49.880"/>
  <testcase classname="com.runner.TestRunnerTestNG" name="runScenario" time="33.142"/>
  <testcase classname="com.runner.TestRunnerTestNG" name="runScenario" time="56.292"/>
  <testcase classname="com.runner.TestRunnerTestNG" name="runScenario" time="53.999"/>
  <testcase classname="com.runner.TestRunnerTestNG" name="runScenario" time="123.931"/>
</testsuite> <!-- com.runner.TestRunnerTestNG -->
