<?xml version="1.0" encoding="UTF-8"?>
<!-- Generated by org.testng.reporters.JUnitReportReporter -->
<testsuite hostname="LIN-5CG136BBRW" failures="0" tests="8" name="com.runner.TestRunnerExtendsTestNG" time="217.594" errors="0" timestamp="2024-12-27T11:30:41 IST" skipped="0">
  <testcase classname="com.runner.TestRunnerExtendsTestNG" name="runScenario" time="21.772"/>
  <testcase classname="com.runner.TestRunnerExtendsTestNG" name="runScenario" time="34.678"/>
  <testcase classname="com.runner.TestRunnerExtendsTestNG" name="runScenario" time="23.414"/>
  <testcase classname="com.runner.TestRunnerExtendsTestNG" name="runScenario" time="22.361"/>
  <testcase classname="com.runner.TestRunnerExtendsTestNG" name="runScenario" time="20.239"/>
  <testcase classname="com.runner.TestRunnerExtendsTestNG" name="runScenario" time="36.875"/>
  <testcase classname="com.runner.TestRunnerExtendsTestNG" name="runScenario" time="30.767"/>
  <testcase classname="com.runner.TestRunnerExtendsTestNG" name="runScenario" time="27.488"/>
</testsuite> <!-- com.runner.TestRunnerExtendsTestNG -->
