<?xml version="1.0" encoding="UTF-8"?>
<!-- Generated by org.testng.reporters.JUnitReportReporter -->
<testsuite hostname="LIN-5CG136BBRW" failures="0" tests="7" name="com.runner.TestRunnerExtendsTestNG" time="175.923" errors="0" timestamp="2024-12-24T08:24:33 IST" skipped="0">
  <testcase classname="com.runner.TestRunnerExtendsTestNG" name="runScenario" time="26.373"/>
  <testcase classname="com.runner.TestRunnerExtendsTestNG" name="runScenario" time="21.364"/>
  <testcase classname="com.runner.TestRunnerExtendsTestNG" name="runScenario" time="22.277"/>
  <testcase classname="com.runner.TestRunnerExtendsTestNG" name="runScenario" time="20.871"/>
  <testcase classname="com.runner.TestRunnerExtendsTestNG" name="runScenario" time="25.832"/>
  <testcase classname="com.runner.TestRunnerExtendsTestNG" name="runScenario" time="29.701"/>
  <testcase classname="com.runner.TestRunnerExtendsTestNG" name="runScenario" time="29.505"/>
</testsuite> <!-- com.runner.TestRunnerExtendsTestNG -->
