<?xml version="1.0" encoding="UTF-8"?>
<!-- Generated by org.testng.reporters.JUnitReportReporter -->
<testsuite hostname="LIN-95V93F3" failures="0" tests="6" name="com.runner.TestRunnerParellal" time="244.847" errors="1" timestamp="2024-12-24T10:22:08 IST" skipped="0">
  <testcase classname="com.runner.TestRunnerParellal" name="runScenario" time="64.629"/>
  <testcase classname="com.runner.TestRunnerParellal" name="runScenario" time="27.284"/>
  <testcase classname="com.runner.TestRunnerParellal" name="runScenario" time="20.412">
    <error message="element not interactable
  (Session info: chrome=131.0.6778.140)
Build info: version: &#039;4.27.0&#039;, revision: &#039;d6e718d134&#039;
System info: os.name: &#039;Windows 11&#039;, os.arch: &#039;amd64&#039;, os.version: &#039;10.0&#039;, java.version: &#039;21.0.5&#039;
Driver info: org.openqa.selenium.chrome.ChromeDriver
Command: [04c4c288e6495d756aff3b753775e2ca, clickElement {id=f.F677C3B72CB860802B09D105ED629EC6.d.8E605424DA056EA1DA0437064B02ADD7.e.90}]
Capabilities {acceptInsecureCerts: false, browserName: chrome, browserVersion: 131.0.6778.140, chrome: {chromedriverVersion: 131.0.6778.204 (52183f9e99a..., userDataDir: C:\Windows\SystemTemp\scope...}, fedcm:accounts: true, goog:chromeOptions: {debuggerAddress: localhost:63955}, networkConnectionEnabled: false, pageLoadStrategy: normal, platformName: windows, proxy: Proxy(), se:cdp: ws://localhost:63955/devtoo..., se:cdpVersion: 131.0.6778.140, setWindowRect: true, strictFileInteractability: false, timeouts: {implicit: 0, pageLoad: 300000, script: 30000}, unhandledPromptBehavior: dismiss and notify, webauthn:extension:credBlob: true, webauthn:extension:largeBlob: true, webauthn:extension:minPinLength: true, webauthn:extension:prf: true, webauthn:virtualAuthenticators: true}
Element: [[ChromeDriver: chrome on windows (04c4c288e6495d756aff3b753775e2ca)] -&gt; xpath: //*[@id=&quot;homeloanDrop&quot;]/div/div[3]/ul/li[1]/a]
Session ID: 04c4c288e6495d756aff3b753775e2ca" type="org.openqa.selenium.ElementNotInteractableException">
      <![CDATA[org.openqa.selenium.ElementNotInteractableException: element not interactable
  (Session info: chrome=131.0.6778.140)
Build info: version: '4.27.0', revision: 'd6e718d134'
System info: os.name: 'Windows 11', os.arch: 'amd64', os.version: '10.0', java.version: '21.0.5'
Driver info: org.openqa.selenium.chrome.ChromeDriver
Command: [04c4c288e6495d756aff3b753775e2ca, clickElement {id=f.F677C3B72CB860802B09D105ED629EC6.d.8E605424DA056EA1DA0437064B02ADD7.e.90}]
Capabilities {acceptInsecureCerts: false, browserName: chrome, browserVersion: 131.0.6778.140, chrome: {chromedriverVersion: 131.0.6778.204 (52183f9e99a..., userDataDir: C:\Windows\SystemTemp\scope...}, fedcm:accounts: true, goog:chromeOptions: {debuggerAddress: localhost:63955}, networkConnectionEnabled: false, pageLoadStrategy: normal, platformName: windows, proxy: Proxy(), se:cdp: ws://localhost:63955/devtoo..., se:cdpVersion: 131.0.6778.140, setWindowRect: true, strictFileInteractability: false, timeouts: {implicit: 0, pageLoad: 300000, script: 30000}, unhandledPromptBehavior: dismiss and notify, webauthn:extension:credBlob: true, webauthn:extension:largeBlob: true, webauthn:extension:minPinLength: true, webauthn:extension:prf: true, webauthn:virtualAuthenticators: true}
Element: [[ChromeDriver: chrome on windows (04c4c288e6495d756aff3b753775e2ca)] -> xpath: //*[@id="homeloanDrop"]/div/div[3]/ul/li[1]/a]
Session ID: 04c4c288e6495d756aff3b753775e2ca
at java.base/jdk.internal.reflect.DirectConstructorHandleAccessor.newInstance(DirectConstructorHandleAccessor.java:62)
at java.base/java.lang.reflect.Constructor.newInstanceWithCaller(Constructor.java:502)
at java.base/java.lang.reflect.Constructor.newInstance(Constructor.java:486)
at org.openqa.selenium.remote.ErrorCodec.decode(ErrorCodec.java:167)
at org.openqa.selenium.remote.codec.w3c.W3CHttpResponseCodec.decode(W3CHttpResponseCodec.java:138)
at org.openqa.selenium.remote.codec.w3c.W3CHttpResponseCodec.decode(W3CHttpResponseCodec.java:50)
at org.openqa.selenium.remote.HttpCommandExecutor.execute(HttpCommandExecutor.java:190)
at org.openqa.selenium.remote.service.DriverCommandExecutor.invokeExecute(DriverCommandExecutor.java:216)
at org.openqa.selenium.remote.service.DriverCommandExecutor.execute(DriverCommandExecutor.java:174)
at org.openqa.selenium.remote.RemoteWebDriver.execute(RemoteWebDriver.java:545)
at org.openqa.selenium.remote.RemoteWebElement.execute(RemoteWebElement.java:223)
at org.openqa.selenium.remote.RemoteWebElement.click(RemoteWebElement.java:76)
at com.pages.CalculatorCommon.clickCalculator(CalculatorCommon.java:19)
at com.stepdefinition.HomeLoans.user_clicks_on_the_home_loan_emi_calculator(HomeLoans.java:93)
at ✽.User clicks on the Home Loan EMI Calculator(file:///C:/Users/jpattel/eclipse-workspace/Learning/MagicBricks/src/test/resources/Features/HomeLoans.feature:35)
]]>
    </error>
  </testcase> <!-- runScenario -->
  <testcase classname="com.runner.TestRunnerParellal" name="runScenario" time="43.947"/>
  <testcase classname="com.runner.TestRunnerParellal" name="runScenario" time="44.254"/>
  <testcase classname="com.runner.TestRunnerParellal" name="runScenario" time="44.321"/>
</testsuite> <!-- com.runner.TestRunnerParellal -->
