<?xml version="1.0" encoding="UTF-8"?>
<!-- Generated by org.testng.reporters.JUnitReportReporter -->
<testsuite hostname="LIN-95V93F3" failures="2" tests="6" name="com.runner.TestRunnerTestNGExtendReports" time="241.338" errors="0" timestamp="2024-12-24T08:57:51 IST" skipped="0">
  <testcase classname="com.runner.TestRunnerTestNGExtendReports" name="runScenario" time="38.305"/>
  <testcase classname="com.runner.TestRunnerTestNGExtendReports" name="runScenario" time="37.679"/>
  <testcase classname="com.runner.TestRunnerTestNGExtendReports" name="runScenario" time="43.525">
    <failure message="Values should be different. Actual: Verify your number" type="java.lang.AssertionError">
      <![CDATA[java.lang.AssertionError: Values should be different. Actual: Verify your number
at org.junit.Assert.fail(Assert.java:89)
at org.junit.Assert.failEquals(Assert.java:187)
at org.junit.Assert.assertNotEquals(Assert.java:163)
at org.junit.Assert.assertNotEquals(Assert.java:177)
at com.pages.HomeLoansFunction.compareOutput(HomeLoansFunction.java:78)
at com.stepdefinition.HomeLoans.user_should_be_navigated_to_the_verification_page(HomeLoans.java:54)
at ✽.User should be navigated to the verification page(file:///C:/Users/jpattel/eclipse-workspace/Learning/MagicBricks/src/test/resources/Features/HomeLoans.feature:10)
]]>
    </failure>
  </testcase> <!-- runScenario -->
  <testcase classname="com.runner.TestRunnerTestNGExtendReports" name="runScenario" time="59.868"/>
  <testcase classname="com.runner.TestRunnerTestNGExtendReports" name="runScenario" time="22.552"/>
  <testcase classname="com.runner.TestRunnerTestNGExtendReports" name="runScenario" time="39.409">
    <failure message="expected:&lt;[Verify your number]&gt; but was:&lt;[Home Loan: Apply Affordable Home Loan Online @ Lowest Interest Rate]&gt;" type="org.junit.ComparisonFailure">
      <![CDATA[org.junit.ComparisonFailure: expected:<[Verify your number]> but was:<[Home Loan: Apply Affordable Home Loan Online @ Lowest Interest Rate]>
at org.junit.Assert.assertEquals(Assert.java:117)
at org.junit.Assert.assertEquals(Assert.java:146)
at com.pages.BankPartnersFunction.checkResult(BankPartnersFunction.java:22)
at com.stepdefinition.HomeLoans.it_should_show_the_available_schemes_of_the_loans_in_bank(HomeLoans.java:87)
at ✽.It should show the otp verification(file:///C:/Users/jpattel/eclipse-workspace/Learning/MagicBricks/src/test/resources/Features/HomeLoans.feature:30)
]]>
    </failure>
  </testcase> <!-- runScenario -->
</testsuite> <!-- com.runner.TestRunnerTestNGExtendReports -->
