<?xml version="1.0" encoding="UTF-8"?>
<!-- Generated by org.testng.reporters.JUnitReportReporter -->
<testsuite hostname="LIN-95V93F3" failures="0" tests="8" name="com.runner.TestRunnerTestNGExtendReports" time="352.984" errors="0" timestamp="2024-12-27T10:03:26 IST" skipped="0">
  <testcase classname="com.runner.TestRunnerTestNGExtendReports" name="runScenario" time="36.787"/>
  <testcase classname="com.runner.TestRunnerTestNGExtendReports" name="runScenario" time="20.535"/>
  <testcase classname="com.runner.TestRunnerTestNGExtendReports" name="runScenario" time="58.890"/>
  <testcase classname="com.runner.TestRunnerTestNGExtendReports" name="runScenario" time="60.660"/>
  <testcase classname="com.runner.TestRunnerTestNGExtendReports" name="runScenario" time="58.184"/>
  <testcase classname="com.runner.TestRunnerTestNGExtendReports" name="runScenario" time="45.193"/>
  <testcase classname="com.runner.TestRunnerTestNGExtendReports" name="runScenario" time="35.419"/>
  <testcase classname="com.runner.TestRunnerTestNGExtendReports" name="runScenario" time="37.316"/>
</testsuite> <!-- com.runner.TestRunnerTestNGExtendReports -->
