<?xml version="1.0" encoding="UTF-8"?>
<!-- Generated by org.testng.reporters.JUnitReportReporter -->
<testsuite hostname="LIN-680CDL3" failures="0" tests="7" name="com.runner.TestRunnerExtenedTestNG" time="319.679" errors="2" timestamp="2024-12-24T09:28:33 IST" skipped="0">
  <testcase classname="com.runner.TestRunnerExtenedTestNG" name="runScenario" time="45.606"/>
  <testcase classname="com.runner.TestRunnerExtenedTestNG" name="runScenario" time="26.194"/>
  <testcase classname="com.runner.TestRunnerExtenedTestNG" name="runScenario" time="24.030">
    <error message="stale element reference: stale element not found in the current frame
  (Session info: chrome=131.0.6778.205)
For documentation on this error, please visit: https://www.selenium.dev/documentation/webdriver/troubleshooting/errors#stale-element-reference-exception
Build info: version: &#039;4.27.0&#039;, revision: &#039;d6e718d134&#039;
System info: os.name: &#039;Windows 11&#039;, os.arch: &#039;amd64&#039;, os.version: &#039;10.0&#039;, java.version: &#039;17.0.4.1&#039;
Driver info: org.openqa.selenium.chrome.ChromeDriver
Command: [6c6f8c767c127a75e5b1ca1b4af2423d, clickElement {id=f.D8C47C40CBC55D6161177A3A0D3BEB21.d.722E89D7BF72FDED41A843797F39E888.e.54}]
Capabilities {acceptInsecureCerts: false, browserName: chrome, browserVersion: 131.0.6778.205, chrome: {chromedriverVersion: 131.0.6778.204 (52183f9e99a..., userDataDir: C:\Windows\SystemTemp\scope...}, fedcm:accounts: true, goog:chromeOptions: {debuggerAddress: localhost:52137}, networkConnectionEnabled: false, pageLoadStrategy: normal, platformName: windows, proxy: Proxy(), se:cdp: ws://localhost:52137/devtoo..., se:cdpVersion: 131.0.6778.205, setWindowRect: true, strictFileInteractability: false, timeouts: {implicit: 0, pageLoad: 300000, script: 30000}, unhandledPromptBehavior: dismiss and notify, webauthn:extension:credBlob: true, webauthn:extension:largeBlob: true, webauthn:extension:minPinLength: true, webauthn:extension:prf: true, webauthn:virtualAuthenticators: true}
Element: [[ChromeDriver: chrome on windows (6c6f8c767c127a75e5b1ca1b4af2423d)] -&gt; xpath: //*[@id=&quot;topAgentCard&quot;]/div[1]/div[1]/div[2]/div[2]/a[2]]
Session ID: 6c6f8c767c127a75e5b1ca1b4af2423d" type="org.openqa.selenium.StaleElementReferenceException">
      <![CDATA[org.openqa.selenium.StaleElementReferenceException: stale element reference: stale element not found in the current frame
  (Session info: chrome=131.0.6778.205)
For documentation on this error, please visit: https://www.selenium.dev/documentation/webdriver/troubleshooting/errors#stale-element-reference-exception
Build info: version: '4.27.0', revision: 'd6e718d134'
System info: os.name: 'Windows 11', os.arch: 'amd64', os.version: '10.0', java.version: '17.0.4.1'
Driver info: org.openqa.selenium.chrome.ChromeDriver
Command: [6c6f8c767c127a75e5b1ca1b4af2423d, clickElement {id=f.D8C47C40CBC55D6161177A3A0D3BEB21.d.722E89D7BF72FDED41A843797F39E888.e.54}]
Capabilities {acceptInsecureCerts: false, browserName: chrome, browserVersion: 131.0.6778.205, chrome: {chromedriverVersion: 131.0.6778.204 (52183f9e99a..., userDataDir: C:\Windows\SystemTemp\scope...}, fedcm:accounts: true, goog:chromeOptions: {debuggerAddress: localhost:52137}, networkConnectionEnabled: false, pageLoadStrategy: normal, platformName: windows, proxy: Proxy(), se:cdp: ws://localhost:52137/devtoo..., se:cdpVersion: 131.0.6778.205, setWindowRect: true, strictFileInteractability: false, timeouts: {implicit: 0, pageLoad: 300000, script: 30000}, unhandledPromptBehavior: dismiss and notify, webauthn:extension:credBlob: true, webauthn:extension:largeBlob: true, webauthn:extension:minPinLength: true, webauthn:extension:prf: true, webauthn:virtualAuthenticators: true}
Element: [[ChromeDriver: chrome on windows (6c6f8c767c127a75e5b1ca1b4af2423d)] -> xpath: //*[@id="topAgentCard"]/div[1]/div[1]/div[2]/div[2]/a[2]]
Session ID: 6c6f8c767c127a75e5b1ca1b4af2423d
at java.base/jdk.internal.reflect.NativeConstructorAccessorImpl.newInstance0(Native Method)
at java.base/jdk.internal.reflect.NativeConstructorAccessorImpl.newInstance(NativeConstructorAccessorImpl.java:77)
at java.base/jdk.internal.reflect.DelegatingConstructorAccessorImpl.newInstance(DelegatingConstructorAccessorImpl.java:45)
at java.base/java.lang.reflect.Constructor.newInstanceWithCaller(Constructor.java:499)
at java.base/java.lang.reflect.Constructor.newInstance(Constructor.java:480)
at org.openqa.selenium.remote.ErrorCodec.decode(ErrorCodec.java:167)
at org.openqa.selenium.remote.codec.w3c.W3CHttpResponseCodec.decode(W3CHttpResponseCodec.java:138)
at org.openqa.selenium.remote.codec.w3c.W3CHttpResponseCodec.decode(W3CHttpResponseCodec.java:50)
at org.openqa.selenium.remote.HttpCommandExecutor.execute(HttpCommandExecutor.java:190)
at org.openqa.selenium.remote.service.DriverCommandExecutor.invokeExecute(DriverCommandExecutor.java:216)
at org.openqa.selenium.remote.service.DriverCommandExecutor.execute(DriverCommandExecutor.java:174)
at org.openqa.selenium.remote.RemoteWebDriver.execute(RemoteWebDriver.java:545)
at org.openqa.selenium.remote.RemoteWebElement.execute(RemoteWebElement.java:223)
at org.openqa.selenium.remote.RemoteWebElement.click(RemoteWebElement.java:76)
at com.stepdefinition.MagicbricksStepDefinitions.the_user_should_be_redirected_to_a_contact_form_page(MagicbricksStepDefinitions.java:379)
at ✽.the user should be redirected to a contact form page(file:///C:/Users/ALKAVYAS/eclipse-workspace/MagicBricks/src/test/resources/Features/sell.feature:34)
]]>
    </error>
  </testcase> <!-- runScenario -->
  <testcase classname="com.runner.TestRunnerExtenedTestNG" name="runScenario" time="24.732"/>
  <testcase classname="com.runner.TestRunnerExtenedTestNG" name="runScenario" time="93.537"/>
  <testcase classname="com.runner.TestRunnerExtenedTestNG" name="runScenario" time="24.467"/>
  <testcase classname="com.runner.TestRunnerExtenedTestNG" name="runScenario" time="81.113">
    <error message="no such element: Unable to locate element: {&quot;method&quot;:&quot;xpath&quot;,&quot;selector&quot;:&quot;//*[@id=&quot;userOnboardingWidget&quot;]/div/div[1]&quot;}
  (Session info: chrome=131.0.6778.205)
For documentation on this error, please visit: https://www.selenium.dev/documentation/webdriver/troubleshooting/errors#no-such-element-exception
Build info: version: &#039;4.27.0&#039;, revision: &#039;d6e718d134&#039;
System info: os.name: &#039;Windows 11&#039;, os.arch: &#039;amd64&#039;, os.version: &#039;10.0&#039;, java.version: &#039;17.0.4.1&#039;
Driver info: org.openqa.selenium.chrome.ChromeDriver
Command: [2b171bc4210cd8536cc35d3df8bc27d8, findElement {using=xpath, value=//*[@id=&quot;userOnboardingWidget&quot;]/div/div[1]}]
Capabilities {acceptInsecureCerts: false, browserName: chrome, browserVersion: 131.0.6778.205, chrome: {chromedriverVersion: 131.0.6778.204 (52183f9e99a..., userDataDir: C:\Windows\SystemTemp\scope...}, fedcm:accounts: true, goog:chromeOptions: {debuggerAddress: localhost:51730}, networkConnectionEnabled: false, pageLoadStrategy: normal, platformName: windows, proxy: Proxy(), se:cdp: ws://localhost:51730/devtoo..., se:cdpVersion: 131.0.6778.205, setWindowRect: true, strictFileInteractability: false, timeouts: {implicit: 0, pageLoad: 300000, script: 30000}, unhandledPromptBehavior: dismiss and notify, webauthn:extension:credBlob: true, webauthn:extension:largeBlob: true, webauthn:extension:minPinLength: true, webauthn:extension:prf: true, webauthn:virtualAuthenticators: true}
Session ID: 2b171bc4210cd8536cc35d3df8bc27d8" type="org.openqa.selenium.NoSuchElementException">
      <![CDATA[org.openqa.selenium.NoSuchElementException: no such element: Unable to locate element: {"method":"xpath","selector":"//*[@id="userOnboardingWidget"]/div/div[1]"}
  (Session info: chrome=131.0.6778.205)
For documentation on this error, please visit: https://www.selenium.dev/documentation/webdriver/troubleshooting/errors#no-such-element-exception
Build info: version: '4.27.0', revision: 'd6e718d134'
System info: os.name: 'Windows 11', os.arch: 'amd64', os.version: '10.0', java.version: '17.0.4.1'
Driver info: org.openqa.selenium.chrome.ChromeDriver
Command: [2b171bc4210cd8536cc35d3df8bc27d8, findElement {using=xpath, value=//*[@id="userOnboardingWidget"]/div/div[1]}]
Capabilities {acceptInsecureCerts: false, browserName: chrome, browserVersion: 131.0.6778.205, chrome: {chromedriverVersion: 131.0.6778.204 (52183f9e99a..., userDataDir: C:\Windows\SystemTemp\scope...}, fedcm:accounts: true, goog:chromeOptions: {debuggerAddress: localhost:51730}, networkConnectionEnabled: false, pageLoadStrategy: normal, platformName: windows, proxy: Proxy(), se:cdp: ws://localhost:51730/devtoo..., se:cdpVersion: 131.0.6778.205, setWindowRect: true, strictFileInteractability: false, timeouts: {implicit: 0, pageLoad: 300000, script: 30000}, unhandledPromptBehavior: dismiss and notify, webauthn:extension:credBlob: true, webauthn:extension:largeBlob: true, webauthn:extension:minPinLength: true, webauthn:extension:prf: true, webauthn:virtualAuthenticators: true}
Session ID: 2b171bc4210cd8536cc35d3df8bc27d8
at java.base/jdk.internal.reflect.NativeConstructorAccessorImpl.newInstance0(Native Method)
at java.base/jdk.internal.reflect.NativeConstructorAccessorImpl.newInstance(NativeConstructorAccessorImpl.java:77)
at java.base/jdk.internal.reflect.DelegatingConstructorAccessorImpl.newInstance(DelegatingConstructorAccessorImpl.java:45)
at java.base/java.lang.reflect.Constructor.newInstanceWithCaller(Constructor.java:499)
at java.base/java.lang.reflect.Constructor.newInstance(Constructor.java:480)
at org.openqa.selenium.remote.ErrorCodec.decode(ErrorCodec.java:167)
at org.openqa.selenium.remote.codec.w3c.W3CHttpResponseCodec.decode(W3CHttpResponseCodec.java:138)
at org.openqa.selenium.remote.codec.w3c.W3CHttpResponseCodec.decode(W3CHttpResponseCodec.java:50)
at org.openqa.selenium.remote.HttpCommandExecutor.execute(HttpCommandExecutor.java:190)
at org.openqa.selenium.remote.service.DriverCommandExecutor.invokeExecute(DriverCommandExecutor.java:216)
at org.openqa.selenium.remote.service.DriverCommandExecutor.execute(DriverCommandExecutor.java:174)
at org.openqa.selenium.remote.RemoteWebDriver.execute(RemoteWebDriver.java:545)
at org.openqa.selenium.remote.ElementLocation$ElementFinder$2.findElement(ElementLocation.java:165)
at org.openqa.selenium.remote.ElementLocation.findElement(ElementLocation.java:59)
at org.openqa.selenium.remote.RemoteWebDriver.findElement(RemoteWebDriver.java:368)
at org.openqa.selenium.remote.RemoteWebDriver.findElement(RemoteWebDriver.java:362)
at com.stepdefinition.MagicbricksStepDefinitions.user_clicks_on_ad_package_option(MagicbricksStepDefinitions.java:158)
at ✽.User clicks on AD Package option(file:///C:/Users/ALKAVYAS/eclipse-workspace/MagicBricks/src/test/resources/Features/sell.feature:14)
]]>
    </error>
  </testcase> <!-- runScenario -->
</testsuite> <!-- com.runner.TestRunnerExtenedTestNG -->
