<?xml version="1.0" encoding="UTF-8"?>
<!-- Generated by org.testng.reporters.JUnitReportReporter -->
<testsuite hostname="LIN-5CG136BBRW" failures="0" tests="7" name="com.runner.TestRunnerTestNG" time="167.523" errors="0" timestamp="2024-12-23T15:02:39 IST" skipped="0">
  <testcase classname="com.runner.TestRunnerTestNG" name="runScenario" time="25.963"/>
  <testcase classname="com.runner.TestRunnerTestNG" name="runScenario" time="23.719"/>
  <testcase classname="com.runner.TestRunnerTestNG" name="runScenario" time="24.473"/>
  <testcase classname="com.runner.TestRunnerTestNG" name="runScenario" time="40.638"/>
  <testcase classname="com.runner.TestRunnerTestNG" name="runScenario" time="11.047"/>
  <testcase classname="com.runner.TestRunnerTestNG" name="runScenario" time="20.622"/>
  <testcase classname="com.runner.TestRunnerTestNG" name="runScenario" time="21.061"/>
</testsuite> <!-- com.runner.TestRunnerTestNG -->
